2023-04-25  9:34:01 0 [Note] Starting MariaDB 10.4.28-MariaDB source revision c8f2e9a5c0ac5905f28b050b7df5a9ffd914b7e7 as process 7736
2023-04-25  9:34:01 0 [Note] InnoDB: Mutexes and rw_locks use Windows interlocked functions
2023-04-25  9:34:01 0 [Note] InnoDB: Uses event mutexes
2023-04-25  9:34:01 0 [Note] InnoDB: Compressed tables use zlib 1.2.12
2023-04-25  9:34:01 0 [Note] InnoDB: Number of pools: 1
2023-04-25  9:34:01 0 [Note] InnoDB: Using SSE2 crc32 instructions
2023-04-25  9:34:01 0 [Note] InnoDB: Initializing buffer pool, total size = 16M, instances = 1, chunk size = 16M
2023-04-25  9:34:01 0 [Note] InnoDB: Completed initialization of buffer pool
2023-04-25  9:34:01 0 [Note] InnoDB: Starting crash recovery from checkpoint LSN=300288
2023-04-25  9:34:01 0 [Note] InnoDB: 128 out of 128 rollback segments are active.
2023-04-25  9:34:01 0 [Note] InnoDB: Removed temporary tablespace data file: "ibtmp1"
2023-04-25  9:34:01 0 [Note] InnoDB: Creating shared tablespace for temporary tables
2023-04-25  9:34:01 0 [Note] InnoDB: Setting file 'C:\homework\JS_Lessons\wordpress-site\xampp\mysql\data\ibtmp1' size to 12 MB. Physically writing the file full; Please wait ...
2023-04-25  9:34:01 0 [Note] InnoDB: File 'C:\homework\JS_Lessons\wordpress-site\xampp\mysql\data\ibtmp1' size is now 12 MB.
2023-04-25  9:34:01 0 [Note] InnoDB: Waiting for purge to start
2023-04-25  9:34:01 0 [Note] InnoDB: 10.4.28 started; log sequence number 300297; transaction id 170
2023-04-25  9:34:01 0 [Note] InnoDB: Loading buffer pool(s) from C:\homework\JS_Lessons\wordpress-site\xampp\mysql\data\ib_buffer_pool
2023-04-25  9:34:01 0 [Note] Plugin 'FEEDBACK' is disabled.
2023-04-25  9:34:01 0 [Note] InnoDB: Buffer pool(s) load completed at 230425  9:34:01
2023-04-25  9:34:01 0 [Note] Server socket created on IP: '::'.
2023-04-25  9:52:23 0 [Note] Starting MariaDB 10.4.28-MariaDB source revision c8f2e9a5c0ac5905f28b050b7df5a9ffd914b7e7 as process 35256
2023-04-25  9:52:23 0 [Note] InnoDB: Mutexes and rw_locks use Windows interlocked functions
2023-04-25  9:52:23 0 [Note] InnoDB: Uses event mutexes
2023-04-25  9:52:23 0 [Note] InnoDB: Compressed tables use zlib 1.2.12
2023-04-25  9:52:23 0 [Note] InnoDB: Number of pools: 1
2023-04-25  9:52:23 0 [Note] InnoDB: Using SSE2 crc32 instructions
2023-04-25  9:52:23 0 [Note] InnoDB: Initializing buffer pool, total size = 16M, instances = 1, chunk size = 16M
2023-04-25  9:52:23 0 [Note] InnoDB: Completed initialization of buffer pool
2023-04-25  9:52:23 0 [Note] InnoDB: Starting crash recovery from checkpoint LSN=306802
2023-04-25  9:52:23 0 [Note] InnoDB: 128 out of 128 rollback segments are active.
2023-04-25  9:52:23 0 [Note] InnoDB: Removed temporary tablespace data file: "ibtmp1"
2023-04-25  9:52:23 0 [Note] InnoDB: Creating shared tablespace for temporary tables
2023-04-25  9:52:23 0 [Note] InnoDB: Setting file 'C:\homework\JS_Lessons\wordpress-site\xampp\mysql\data\ibtmp1' size to 12 MB. Physically writing the file full; Please wait ...
2023-04-25  9:52:23 0 [Note] InnoDB: File 'C:\homework\JS_Lessons\wordpress-site\xampp\mysql\data\ibtmp1' size is now 12 MB.
2023-04-25  9:52:23 0 [Note] InnoDB: Waiting for purge to start
2023-04-25  9:52:23 0 [Note] InnoDB: 10.4.28 started; log sequence number 306811; transaction id 209
2023-04-25  9:52:23 0 [Note] InnoDB: Loading buffer pool(s) from C:\homework\JS_Lessons\wordpress-site\xampp\mysql\data\ib_buffer_pool
2023-04-25  9:52:23 0 [Note] Plugin 'FEEDBACK' is disabled.
2023-04-25  9:52:23 0 [Note] Server socket created on IP: '::'.
2023-04-25  9:53:14 0 [Note] Starting MariaDB 10.4.28-MariaDB source revision c8f2e9a5c0ac5905f28b050b7df5a9ffd914b7e7 as process 43032
2023-04-25  9:53:14 0 [Note] InnoDB: Mutexes and rw_locks use Windows interlocked functions
2023-04-25  9:53:14 0 [Note] InnoDB: Uses event mutexes
2023-04-25  9:53:14 0 [Note] InnoDB: Compressed tables use zlib 1.2.12
2023-04-25  9:53:14 0 [Note] InnoDB: Number of pools: 1
2023-04-25  9:53:14 0 [Note] InnoDB: Using SSE2 crc32 instructions
2023-04-25  9:53:14 0 [Note] InnoDB: Initializing buffer pool, total size = 16M, instances = 1, chunk size = 16M
2023-04-25  9:53:14 0 [Note] InnoDB: Completed initialization of buffer pool
2023-04-25  9:53:14 0 [Note] InnoDB: Starting crash recovery from checkpoint LSN=306820
2023-04-25  9:53:15 0 [Note] InnoDB: 128 out of 128 rollback segments are active.
2023-04-25  9:53:15 0 [Note] InnoDB: Removed temporary tablespace data file: "ibtmp1"
2023-04-25  9:53:15 0 [Note] InnoDB: Creating shared tablespace for temporary tables
2023-04-25  9:53:15 0 [Note] InnoDB: Setting file 'C:\homework\JS_Lessons\wordpress-site\xampp\mysql\data\ibtmp1' size to 12 MB. Physically writing the file full; Please wait ...
2023-04-25  9:53:15 0 [Note] InnoDB: File 'C:\homework\JS_Lessons\wordpress-site\xampp\mysql\data\ibtmp1' size is now 12 MB.
2023-04-25  9:53:15 0 [Note] InnoDB: Waiting for purge to start
2023-04-25  9:53:15 0 [Note] InnoDB: 10.4.28 started; log sequence number 306829; transaction id 209
2023-04-25  9:53:15 0 [Note] InnoDB: Loading buffer pool(s) from C:\homework\JS_Lessons\wordpress-site\xampp\mysql\data\ib_buffer_pool
2023-04-25  9:53:15 0 [Note] Plugin 'FEEDBACK' is disabled.
2023-04-25  9:53:15 0 [Note] Server socket created on IP: '::'.
2023-04-25  9:57:39 0 [Note] Starting MariaDB 10.4.28-MariaDB source revision c8f2e9a5c0ac5905f28b050b7df5a9ffd914b7e7 as process 43464
2023-04-25  9:57:39 0 [Note] InnoDB: Mutexes and rw_locks use Windows interlocked functions
2023-04-25  9:57:39 0 [Note] InnoDB: Uses event mutexes
2023-04-25  9:57:39 0 [Note] InnoDB: Compressed tables use zlib 1.2.12
2023-04-25  9:57:39 0 [Note] InnoDB: Number of pools: 1
2023-04-25  9:57:39 0 [Note] InnoDB: Using SSE2 crc32 instructions
2023-04-25  9:57:39 0 [Note] InnoDB: Initializing buffer pool, total size = 16M, instances = 1, chunk size = 16M
2023-04-25  9:57:39 0 [Note] InnoDB: Completed initialization of buffer pool
2023-04-25  9:57:39 0 [Note] InnoDB: Starting crash recovery from checkpoint LSN=307139
2023-04-25  9:57:39 0 [Note] InnoDB: 128 out of 128 rollback segments are active.
2023-04-25  9:57:39 0 [Note] InnoDB: Removed temporary tablespace data file: "ibtmp1"
2023-04-25  9:57:39 0 [Note] InnoDB: Creating shared tablespace for temporary tables
2023-04-25  9:57:39 0 [Note] InnoDB: Setting file 'C:\homework\JS_Lessons\wordpress-site\xampp\mysql\data\ibtmp1' size to 12 MB. Physically writing the file full; Please wait ...
2023-04-25  9:57:39 0 [Note] InnoDB: File 'C:\homework\JS_Lessons\wordpress-site\xampp\mysql\data\ibtmp1' size is now 12 MB.
2023-04-25  9:57:39 0 [Note] InnoDB: Waiting for purge to start
2023-04-25  9:57:39 0 [Note] InnoDB: 10.4.28 started; log sequence number 307148; transaction id 232
2023-04-25  9:57:39 0 [Note] InnoDB: Loading buffer pool(s) from C:\homework\JS_Lessons\wordpress-site\xampp\mysql\data\ib_buffer_pool
2023-04-25  9:57:39 0 [Note] Plugin 'FEEDBACK' is disabled.
2023-04-25  9:57:39 0 [Note] Server socket created on IP: '::'.
2023-04-25 11:15:40 0 [Note] Starting MariaDB 10.4.28-MariaDB source revision c8f2e9a5c0ac5905f28b050b7df5a9ffd914b7e7 as process 44108
2023-04-25 11:15:40 0 [Note] InnoDB: Mutexes and rw_locks use Windows interlocked functions
2023-04-25 11:15:40 0 [Note] InnoDB: Uses event mutexes
2023-04-25 11:15:40 0 [Note] InnoDB: Compressed tables use zlib 1.2.12
2023-04-25 11:15:40 0 [Note] InnoDB: Number of pools: 1
2023-04-25 11:15:40 0 [Note] InnoDB: Using SSE2 crc32 instructions
2023-04-25 11:15:40 0 [Note] InnoDB: Initializing buffer pool, total size = 16M, instances = 1, chunk size = 16M
2023-04-25 11:15:40 0 [Note] InnoDB: Completed initialization of buffer pool
2023-04-25 11:15:40 0 [Note] InnoDB: Starting crash recovery from checkpoint LSN=6488298
2023-04-25 11:15:41 0 [Note] InnoDB: 128 out of 128 rollback segments are active.
2023-04-25 11:15:41 0 [Note] InnoDB: Removed temporary tablespace data file: "ibtmp1"
2023-04-25 11:15:41 0 [Note] InnoDB: Creating shared tablespace for temporary tables
2023-04-25 11:15:41 0 [Note] InnoDB: Setting file 'C:\homework\JS_Lessons\wordpress-site\xampp\mysql\data\ibtmp1' size to 12 MB. Physically writing the file full; Please wait ...
2023-04-25 11:15:41 0 [Note] InnoDB: File 'C:\homework\JS_Lessons\wordpress-site\xampp\mysql\data\ibtmp1' size is now 12 MB.
2023-04-25 11:15:41 0 [Note] InnoDB: Waiting for purge to start
2023-04-25 11:15:41 0 [Note] InnoDB: 10.4.28 started; log sequence number 6488307; transaction id 3351
2023-04-25 11:15:41 0 [Note] InnoDB: Loading buffer pool(s) from C:\homework\JS_Lessons\wordpress-site\xampp\mysql\data\ib_buffer_pool
2023-04-25 11:15:41 0 [Note] Plugin 'FEEDBACK' is disabled.
2023-04-25 11:15:41 0 [Note] Server socket created on IP: '::'.
2023-04-27 10:15:19 0 [Note] Starting MariaDB 10.4.28-MariaDB source revision c8f2e9a5c0ac5905f28b050b7df5a9ffd914b7e7 as process 46304
2023-04-27 10:15:19 0 [Note] InnoDB: Mutexes and rw_locks use Windows interlocked functions
2023-04-27 10:15:19 0 [Note] InnoDB: Uses event mutexes
2023-04-27 10:15:19 0 [Note] InnoDB: Compressed tables use zlib 1.2.12
2023-04-27 10:15:19 0 [Note] InnoDB: Number of pools: 1
2023-04-27 10:15:19 0 [Note] InnoDB: Using SSE2 crc32 instructions
2023-04-27 10:15:19 0 [Note] InnoDB: Initializing buffer pool, total size = 16M, instances = 1, chunk size = 16M
2023-04-27 10:15:19 0 [Note] InnoDB: Completed initialization of buffer pool
2023-04-27 10:15:19 0 [Note] InnoDB: Starting crash recovery from checkpoint LSN=14643946
2023-04-27 10:15:19 0 [Note] InnoDB: 128 out of 128 rollback segments are active.
2023-04-27 10:15:19 0 [Note] InnoDB: Removed temporary tablespace data file: "ibtmp1"
2023-04-27 10:15:19 0 [Note] InnoDB: Creating shared tablespace for temporary tables
2023-04-27 10:15:19 0 [Note] InnoDB: Setting file 'C:\homework\JS_Lessons\wordpress-site\xampp\mysql\data\ibtmp1' size to 12 MB. Physically writing the file full; Please wait ...
2023-04-27 10:15:19 0 [Note] InnoDB: File 'C:\homework\JS_Lessons\wordpress-site\xampp\mysql\data\ibtmp1' size is now 12 MB.
2023-04-27 10:15:19 0 [Note] InnoDB: Waiting for purge to start
2023-04-27 10:15:19 0 [Note] InnoDB: 10.4.28 started; log sequence number 14643955; transaction id 7126
2023-04-27 10:15:19 0 [Note] InnoDB: Loading buffer pool(s) from C:\homework\JS_Lessons\wordpress-site\xampp\mysql\data\ib_buffer_pool
2023-04-27 10:15:19 0 [Note] Plugin 'FEEDBACK' is disabled.
2023-04-27 10:15:19 0 [Note] Server socket created on IP: '::'.
2023-04-27 10:15:19 0 [Note] InnoDB: Buffer pool(s) load completed at 230427 10:15:19
2023-04-27 10:15:19 0 [Note] Reading of all Master_info entries succeeded
2023-04-27 10:15:19 0 [Note] Added new Master_info '' to hash table
2023-04-27 10:15:19 0 [Note] mysql\bin\mysqld.exe: ready for connections.
Version: '10.4.28-MariaDB'  socket: ''  port: 3306  mariadb.org binary distribution
2023-04-27 10:15:42 0 [Note] Starting MariaDB 10.4.28-MariaDB source revision c8f2e9a5c0ac5905f28b050b7df5a9ffd914b7e7 as process 38412
2023-04-27 10:15:42 0 [Note] InnoDB: Mutexes and rw_locks use Windows interlocked functions
2023-04-27 10:15:42 0 [Note] InnoDB: Uses event mutexes
2023-04-27 10:15:42 0 [Note] InnoDB: Compressed tables use zlib 1.2.12
2023-04-27 10:15:42 0 [Note] InnoDB: Number of pools: 1
2023-04-27 10:15:42 0 [Note] InnoDB: Using SSE2 crc32 instructions
2023-04-27 10:15:42 0 [Note] InnoDB: Initializing buffer pool, total size = 16M, instances = 1, chunk size = 16M
2023-04-27 10:15:42 0 [Note] InnoDB: Completed initialization of buffer pool
2023-04-27 10:15:42 0 [Note] InnoDB: Starting crash recovery from checkpoint LSN=14643964
2023-04-27 10:15:43 0 [Note] InnoDB: 128 out of 128 rollback segments are active.
2023-04-27 10:15:43 0 [Note] InnoDB: Removed temporary tablespace data file: "ibtmp1"
2023-04-27 10:15:43 0 [Note] InnoDB: Creating shared tablespace for temporary tables
2023-04-27 10:15:43 0 [Note] InnoDB: Setting file 'C:\homework\JS_Lessons\wordpress-site\xampp\mysql\data\ibtmp1' size to 12 MB. Physically writing the file full; Please wait ...
2023-04-27 10:15:43 0 [Note] InnoDB: File 'C:\homework\JS_Lessons\wordpress-site\xampp\mysql\data\ibtmp1' size is now 12 MB.
2023-04-27 10:15:43 0 [Note] InnoDB: Waiting for purge to start
2023-04-27 10:15:43 0 [Note] InnoDB: 10.4.28 started; log sequence number 14643973; transaction id 7126
2023-04-27 10:15:43 0 [Note] InnoDB: Loading buffer pool(s) from C:\homework\JS_Lessons\wordpress-site\xampp\mysql\data\ib_buffer_pool
2023-04-27 10:15:43 0 [Note] Plugin 'FEEDBACK' is disabled.
2023-04-27 10:15:43 0 [Note] Server socket created on IP: '::'.
2023-04-29  8:04:25 0 [Note] Starting MariaDB 10.4.28-MariaDB source revision c8f2e9a5c0ac5905f28b050b7df5a9ffd914b7e7 as process 42488
2023-04-29  8:04:25 0 [Note] InnoDB: Mutexes and rw_locks use Windows interlocked functions
2023-04-29  8:04:25 0 [Note] InnoDB: Uses event mutexes
2023-04-29  8:04:25 0 [Note] InnoDB: Compressed tables use zlib 1.2.12
2023-04-29  8:04:25 0 [Note] InnoDB: Number of pools: 1
2023-04-29  8:04:25 0 [Note] InnoDB: Using SSE2 crc32 instructions
2023-04-29  8:04:25 0 [Note] InnoDB: Initializing buffer pool, total size = 16M, instances = 1, chunk size = 16M
2023-04-29  8:04:25 0 [Note] InnoDB: Completed initialization of buffer pool
2023-04-29  8:04:25 0 [Note] InnoDB: Starting crash recovery from checkpoint LSN=21626213
2023-04-29  8:04:25 0 [Note] InnoDB: 128 out of 128 rollback segments are active.
2023-04-29  8:04:25 0 [Note] InnoDB: Removed temporary tablespace data file: "ibtmp1"
2023-04-29  8:04:25 0 [Note] InnoDB: Creating shared tablespace for temporary tables
2023-04-29  8:04:25 0 [Note] InnoDB: Setting file 'C:\homework\JS_Lessons\wordpress-site\xampp\mysql\data\ibtmp1' size to 12 MB. Physically writing the file full; Please wait ...
2023-04-29  8:04:25 0 [Note] InnoDB: File 'C:\homework\JS_Lessons\wordpress-site\xampp\mysql\data\ibtmp1' size is now 12 MB.
2023-04-29  8:04:25 0 [Note] InnoDB: Waiting for purge to start
2023-04-29  8:04:25 0 [Note] InnoDB: 10.4.28 started; log sequence number 21626222; transaction id 11133
2023-04-29  8:04:25 0 [Note] InnoDB: Loading buffer pool(s) from C:\homework\JS_Lessons\wordpress-site\xampp\mysql\data\ib_buffer_pool
2023-04-29  8:04:25 0 [Note] Plugin 'FEEDBACK' is disabled.
2023-04-29  8:04:25 0 [Note] InnoDB: Buffer pool(s) load completed at 230429  8:04:25
2023-04-29  8:04:26 0 [Note] Server socket created on IP: '::'.
