[Tue Apr 25 09:33:59.920158 2023] [ssl:warn] [pid 29828:tid 456] AH01909: www.example.com:443:0 server certificate does NOT include an ID which matches the server name
[Tue Apr 25 09:34:00.040166 2023] [ssl:warn] [pid 29828:tid 456] AH01909: www.example.com:443:0 server certificate does NOT include an ID which matches the server name
[Tue Apr 25 09:34:00.382810 2023] [mpm_winnt:notice] [pid 29828:tid 456] AH00455: Apache/2.4.56 (Win64) OpenSSL/1.1.1t PHP/8.2.4 configured -- resuming normal operations
[Tue Apr 25 09:34:00.382810 2023] [mpm_winnt:notice] [pid 29828:tid 456] AH00456: Apache Lounge VS16 Server built: Mar  7 2023 13:21:03
[Tue Apr 25 09:34:00.382810 2023] [core:notice] [pid 29828:tid 456] AH00094: Command line: 'c:\\homework\\js_lessons\\wordpress-site\\xampp\\apache\\bin\\httpd.exe -d C:/homework/JS_Lessons/wordpress-site/xampp/apache'
[Tue Apr 25 09:34:00.758123 2023] [mpm_winnt:notice] [pid 29828:tid 456] AH00418: Parent: Created child process 34928
[Tue Apr 25 09:34:01.810202 2023] [ssl:warn] [pid 34928:tid 436] AH01909: www.example.com:443:0 server certificate does NOT include an ID which matches the server name
[Tue Apr 25 09:34:01.873206 2023] [ssl:warn] [pid 34928:tid 436] AH01909: www.example.com:443:0 server certificate does NOT include an ID which matches the server name
[Tue Apr 25 09:34:01.935241 2023] [mpm_winnt:notice] [pid 34928:tid 436] AH00354: Child: Starting 150 worker threads.
[Tue Apr 25 09:53:01.090999 2023] [ssl:warn] [pid 15144:tid 472] AH01909: www.example.com:443:0 server certificate does NOT include an ID which matches the server name
[Tue Apr 25 09:53:01.150066 2023] [core:warn] [pid 15144:tid 472] AH00098: pid file C:/homework/JS_Lessons/wordpress-site/xampp/apache/logs/httpd.pid overwritten -- Unclean shutdown of previous Apache run?
[Tue Apr 25 09:53:01.155068 2023] [ssl:warn] [pid 15144:tid 472] AH01909: www.example.com:443:0 server certificate does NOT include an ID which matches the server name
[Tue Apr 25 09:53:01.222496 2023] [mpm_winnt:notice] [pid 15144:tid 472] AH00455: Apache/2.4.56 (Win64) OpenSSL/1.1.1t PHP/8.2.4 configured -- resuming normal operations
[Tue Apr 25 09:53:01.222496 2023] [mpm_winnt:notice] [pid 15144:tid 472] AH00456: Apache Lounge VS16 Server built: Mar  7 2023 13:21:03
[Tue Apr 25 09:53:01.222496 2023] [core:notice] [pid 15144:tid 472] AH00094: Command line: 'c:\\homework\\js_lessons\\wordpress-site\\xampp\\apache\\bin\\httpd.exe -d C:/homework/JS_Lessons/wordpress-site/xampp/apache'
[Tue Apr 25 09:53:01.271508 2023] [mpm_winnt:notice] [pid 15144:tid 472] AH00418: Parent: Created child process 28220
[Tue Apr 25 09:53:02.292016 2023] [ssl:warn] [pid 28220:tid 460] AH01909: www.example.com:443:0 server certificate does NOT include an ID which matches the server name
[Tue Apr 25 09:53:02.353021 2023] [ssl:warn] [pid 28220:tid 460] AH01909: www.example.com:443:0 server certificate does NOT include an ID which matches the server name
[Tue Apr 25 09:53:02.415160 2023] [mpm_winnt:notice] [pid 28220:tid 460] AH00354: Child: Starting 150 worker threads.
[Tue Apr 25 09:57:38.915177 2023] [ssl:warn] [pid 40392:tid 448] AH01909: www.example.com:443:0 server certificate does NOT include an ID which matches the server name
[Tue Apr 25 09:57:38.999193 2023] [core:warn] [pid 40392:tid 448] AH00098: pid file C:/homework/JS_Lessons/wordpress-site/xampp/apache/logs/httpd.pid overwritten -- Unclean shutdown of previous Apache run?
[Tue Apr 25 09:57:39.009197 2023] [ssl:warn] [pid 40392:tid 448] AH01909: www.example.com:443:0 server certificate does NOT include an ID which matches the server name
[Tue Apr 25 09:57:39.162134 2023] [mpm_winnt:notice] [pid 40392:tid 448] AH00455: Apache/2.4.56 (Win64) OpenSSL/1.1.1t PHP/8.2.4 configured -- resuming normal operations
[Tue Apr 25 09:57:39.162134 2023] [mpm_winnt:notice] [pid 40392:tid 448] AH00456: Apache Lounge VS16 Server built: Mar  7 2023 13:21:03
[Tue Apr 25 09:57:39.162134 2023] [core:notice] [pid 40392:tid 448] AH00094: Command line: 'c:\\homework\\js_lessons\\wordpress-site\\xampp\\apache\\bin\\httpd.exe -d C:/homework/JS_Lessons/wordpress-site/xampp/apache'
[Tue Apr 25 09:57:39.218152 2023] [mpm_winnt:notice] [pid 40392:tid 448] AH00418: Parent: Created child process 43932
[Tue Apr 25 09:57:40.300221 2023] [ssl:warn] [pid 43932:tid 436] AH01909: www.example.com:443:0 server certificate does NOT include an ID which matches the server name
[Tue Apr 25 09:57:40.364221 2023] [ssl:warn] [pid 43932:tid 436] AH01909: www.example.com:443:0 server certificate does NOT include an ID which matches the server name
[Tue Apr 25 09:57:40.439227 2023] [mpm_winnt:notice] [pid 43932:tid 436] AH00354: Child: Starting 150 worker threads.
[Tue Apr 25 12:56:09.586758 2023] [php:warn] [pid 43932:tid 1868] [client ::1:64916] PHP Warning:  Undefined variable $html in C:\\homework\\JS_Lessons\\wordpress-site\\xampp\\htdocs\\mywebsite\\wp-content\\plugins\\responsive-menu\\v4.0.0\\inc\\classes\\class-editor.php on line 193, referer: http://localhost/mywebsite/wp-admin/edit.php?post_type=rmp_menu
[Tue Apr 25 12:57:36.309769 2023] [php:warn] [pid 43932:tid 1868] [client ::1:64993] PHP Warning:  Undefined variable $html in C:\\homework\\JS_Lessons\\wordpress-site\\xampp\\htdocs\\mywebsite\\wp-content\\plugins\\responsive-menu\\v4.0.0\\inc\\classes\\class-editor.php on line 193, referer: http://localhost/mywebsite/wp-admin//edit.php?post_type=rmp_menu
[Tue Apr 25 12:58:01.850222 2023] [php:warn] [pid 43932:tid 1868] [client ::1:65011] PHP Warning:  Undefined variable $html in C:\\homework\\JS_Lessons\\wordpress-site\\xampp\\htdocs\\mywebsite\\wp-content\\plugins\\responsive-menu\\v4.0.0\\inc\\classes\\class-editor.php on line 193, referer: http://localhost/mywebsite/wp-admin//edit.php?post_type=rmp_menu&orderby=title&order=asc
[Wed Apr 26 20:31:45.298110 2023] [mpm_winnt:notice] [pid 40392:tid 448] AH00428: Parent: child process 43932 exited with status 1073807364 -- Restarting.
[Wed Apr 26 20:31:46.292376 2023] [ssl:warn] [pid 40392:tid 448] AH01909: www.example.com:443:0 server certificate does NOT include an ID which matches the server name
[Wed Apr 26 20:31:46.465142 2023] [mpm_winnt:notice] [pid 40392:tid 448] AH00455: Apache/2.4.56 (Win64) OpenSSL/1.1.1t PHP/8.2.4 configured -- resuming normal operations
[Wed Apr 26 20:31:46.465142 2023] [mpm_winnt:notice] [pid 40392:tid 448] AH00456: Apache Lounge VS16 Server built: Mar  7 2023 13:21:03
[Wed Apr 26 20:31:46.465142 2023] [core:notice] [pid 40392:tid 448] AH00094: Command line: 'c:\\homework\\js_lessons\\wordpress-site\\xampp\\apache\\bin\\httpd.exe -d C:/homework/JS_Lessons/wordpress-site/xampp/apache'
[Wed Apr 26 20:31:46.481240 2023] [mpm_winnt:notice] [pid 40392:tid 448] AH00418: Parent: Created child process 51316
[Wed Apr 26 20:31:46.502506 2023] [mpm_winnt:crit] [pid 40392:tid 448] AH00419: master_main: create child process failed. Exiting.
[Thu Apr 27 10:15:20.071674 2023] [ssl:warn] [pid 38508:tid 140] AH01909: www.example.com:443:0 server certificate does NOT include an ID which matches the server name
[Thu Apr 27 10:15:20.179684 2023] [ssl:warn] [pid 38508:tid 140] AH01909: www.example.com:443:0 server certificate does NOT include an ID which matches the server name
[Thu Apr 27 10:15:20.401699 2023] [mpm_winnt:notice] [pid 38508:tid 140] AH00455: Apache/2.4.56 (Win64) OpenSSL/1.1.1t PHP/8.2.4 configured -- resuming normal operations
[Thu Apr 27 10:15:20.401699 2023] [mpm_winnt:notice] [pid 38508:tid 140] AH00456: Apache Lounge VS16 Server built: Mar  7 2023 13:21:03
[Thu Apr 27 10:15:20.401699 2023] [core:notice] [pid 38508:tid 140] AH00094: Command line: 'apache\\bin\\httpd.exe -d C:/homework/JS_Lessons/wordpress-site/xampp/apache -f conf\\httpd.conf'
[Thu Apr 27 10:15:20.721857 2023] [mpm_winnt:notice] [pid 38508:tid 140] AH00418: Parent: Created child process 40744
Apache server shutdown initiated...
sl:warn] [pid 40744:tid 428] AH01909: www.example.com:443:0 server certificate does NOT include an ID which matches the server name
[Thu Apr 27 10:15:21.572801 2023] [ssl:warn] [pid 40744:tid 428] AH01909: www.example.com:443:0 server certificate does NOT include an ID which matches the server name
[Thu Apr 27 10:15:21.630805 2023] [mpm_winnt:notice] [pid 40744:tid 428] AH00354: Child: Starting 150 worker threads.
[Thu Apr 27 10:15:26.053642 2023] [mpm_winnt:notice] [pid 38508:tid 140] AH00422: Parent: Received shutdown signal -- Shutting down the server.
[Thu Apr 27 10:15:28.070445 2023] [mpm_winnt:notice] [pid 40744:tid 428] AH00364: Child: All worker threads have exited.
[Thu Apr 27 10:15:28.140725 2023] [mpm_winnt:notice] [pid 38508:tid 140] AH00430: Parent: Child process 40744 exited successfully.
[Thu Apr 27 10:15:37.884630 2023] [ssl:warn] [pid 13324:tid 428] AH01909: www.example.com:443:0 server certificate does NOT include an ID which matches the server name
[Thu Apr 27 10:15:37.942966 2023] [ssl:warn] [pid 13324:tid 428] AH01909: www.example.com:443:0 server certificate does NOT include an ID which matches the server name
[Thu Apr 27 10:15:37.996969 2023] [mpm_winnt:notice] [pid 13324:tid 428] AH00455: Apache/2.4.56 (Win64) OpenSSL/1.1.1t PHP/8.2.4 configured -- resuming normal operations
[Thu Apr 27 10:15:37.996969 2023] [mpm_winnt:notice] [pid 13324:tid 428] AH00456: Apache Lounge VS16 Server built: Mar  7 2023 13:21:03
[Thu Apr 27 10:15:37.996969 2023] [core:notice] [pid 13324:tid 428] AH00094: Command line: 'c:\\homework\\js_lessons\\wordpress-site\\xampp\\apache\\bin\\httpd.exe -d C:/homework/JS_Lessons/wordpress-site/xampp/apache'
[Thu Apr 27 10:15:38.044525 2023] [mpm_winnt:notice] [pid 13324:tid 428] AH00418: Parent: Created child process 9624
[Thu Apr 27 10:15:38.837887 2023] [ssl:warn] [pid 9624:tid 408] AH01909: www.example.com:443:0 server certificate does NOT include an ID which matches the server name
[Thu Apr 27 10:15:38.893891 2023] [ssl:warn] [pid 9624:tid 408] AH01909: www.example.com:443:0 server certificate does NOT include an ID which matches the server name
[Thu Apr 27 10:15:38.953896 2023] [mpm_winnt:notice] [pid 9624:tid 408] AH00354: Child: Starting 150 worker threads.
[Thu Apr 27 12:00:53.632318 2023] [php:warn] [pid 9624:tid 1824] [client ::1:54478] PHP Warning:  Undefined array key "username" in C:\\homework\\JS_Lessons\\wordpress-site\\xampp\\htdocs\\mywebsite\\wp-content\\plugins\\ocean-extra\\includes\\widgets\\twitter.php on line 73, referer: http://localhost/mywebsite/wp-admin/post.php?post=11&action=elementor
[Thu Apr 27 12:01:04.356108 2023] [php:warn] [pid 9624:tid 1812] [client ::1:54498] PHP Warning:  Undefined array key "username" in C:\\homework\\JS_Lessons\\wordpress-site\\xampp\\htdocs\\mywebsite\\wp-content\\plugins\\ocean-extra\\includes\\widgets\\twitter.php on line 73, referer: http://localhost/mywebsite/wp-admin/post.php?post=11&action=elementor
[Thu Apr 27 12:01:47.931459 2023] [php:warn] [pid 9624:tid 1836] [client ::1:54521] PHP Warning:  Undefined array key "username" in C:\\homework\\JS_Lessons\\wordpress-site\\xampp\\htdocs\\mywebsite\\wp-content\\plugins\\ocean-extra\\includes\\widgets\\twitter.php on line 73, referer: http://localhost/mywebsite/wp-admin/post.php?post=11&action=elementor
[Thu Apr 27 12:02:27.195309 2023] [php:warn] [pid 9624:tid 1812] [client ::1:54544] PHP Warning:  Undefined array key "username" in C:\\homework\\JS_Lessons\\wordpress-site\\xampp\\htdocs\\mywebsite\\wp-content\\plugins\\ocean-extra\\includes\\widgets\\twitter.php on line 73, referer: http://localhost/mywebsite/wp-admin/post.php?post=11&action=elementor
[Thu Apr 27 12:03:35.609316 2023] [php:warn] [pid 9624:tid 1832] [client ::1:54622] PHP Warning:  Undefined array key "username" in C:\\homework\\JS_Lessons\\wordpress-site\\xampp\\htdocs\\mywebsite\\wp-content\\plugins\\ocean-extra\\includes\\widgets\\twitter.php on line 73, referer: http://localhost/mywebsite/wp-admin/post.php?post=11&action=elementor
[Thu Apr 27 12:06:26.721452 2023] [php:warn] [pid 9624:tid 1856] [client ::1:54774] PHP Warning:  Undefined array key "username" in C:\\homework\\JS_Lessons\\wordpress-site\\xampp\\htdocs\\mywebsite\\wp-content\\plugins\\ocean-extra\\includes\\widgets\\twitter.php on line 73, referer: http://localhost/mywebsite/wp-admin/post.php?post=11&action=elementor
[Thu Apr 27 12:07:11.373874 2023] [php:error] [pid 9624:tid 1836] [client ::1:54676] PHP Fatal error:  Maximum execution time of 120 seconds exceeded in C:\\homework\\JS_Lessons\\wordpress-site\\xampp\\htdocs\\mywebsite\\wp-includes\\widgets.php on line 1786, referer: http://localhost/mywebsite/wp-admin/post.php?post=11&action=elementor
[Thu Apr 27 12:07:18.414842 2023] [php:error] [pid 9624:tid 1824] [client ::1:54687] PHP Fatal error:  Maximum execution time of 120 seconds exceeded in C:\\homework\\JS_Lessons\\wordpress-site\\xampp\\htdocs\\mywebsite\\wp-includes\\widgets.php on line 1785, referer: http://localhost/mywebsite/wp-admin/post.php?post=11&action=elementor
[Thu Apr 27 12:07:21.017051 2023] [php:error] [pid 9624:tid 1840] [client ::1:54689] PHP Fatal error:  Maximum execution time of 120 seconds exceeded in C:\\homework\\JS_Lessons\\wordpress-site\\xampp\\htdocs\\mywebsite\\wp-includes\\widgets.php on line 1785, referer: http://localhost/mywebsite/wp-admin/post.php?post=11&action=elementor
[Thu Apr 27 12:07:24.625717 2023] [php:warn] [pid 9624:tid 1812] [client ::1:54833] PHP Warning:  Undefined array key "username" in C:\\homework\\JS_Lessons\\wordpress-site\\xampp\\htdocs\\mywebsite\\wp-content\\plugins\\ocean-extra\\includes\\widgets\\twitter.php on line 73, referer: http://localhost/mywebsite/wp-admin/post.php?post=11&action=elementor
[Thu Apr 27 13:00:20.037337 2023] [php:warn] [pid 9624:tid 1824] [client ::1:55843] PHP Warning:  Undefined array key "username" in C:\\homework\\JS_Lessons\\wordpress-site\\xampp\\htdocs\\mywebsite\\wp-content\\plugins\\ocean-extra\\includes\\widgets\\twitter.php on line 73, referer: http://localhost/mywebsite/wp-admin/customize.php?url=http%3A%2F%2Flocalhost%2Fmywebsite%2Fcategory%2F%25d0%25b1%25d0%25b5%25d0%25b7-%25d1%2580%25d1%2583%25d0%25b1%25d1%2580%25d0%25b8%25d0%25ba%25d0%25b8%2F
[Thu Apr 27 13:00:41.912068 2023] [php:warn] [pid 9624:tid 1824] [client ::1:55857] PHP Warning:  Undefined array key "username" in C:\\homework\\JS_Lessons\\wordpress-site\\xampp\\htdocs\\mywebsite\\wp-content\\plugins\\ocean-extra\\includes\\widgets\\twitter.php on line 73, referer: http://localhost/mywebsite/wp-admin/customize.php?url=http%3A%2F%2Flocalhost%2Fmywebsite%2Fcategory%2F%25d0%25b1%25d0%25b5%25d0%25b7-%25d1%2580%25d1%2583%25d0%25b1%25d1%2580%25d0%25b8%25d0%25ba%25d0%25b8%2F
[Thu Apr 27 13:00:49.974688 2023] [php:warn] [pid 9624:tid 1824] [client ::1:55862] PHP Warning:  Undefined array key "username" in C:\\homework\\JS_Lessons\\wordpress-site\\xampp\\htdocs\\mywebsite\\wp-content\\plugins\\ocean-extra\\includes\\widgets\\twitter.php on line 73, referer: http://localhost/mywebsite/wp-admin/customize.php?url=http%3A%2F%2Flocalhost%2Fmywebsite%2Fcategory%2F%25d0%25b1%25d0%25b5%25d0%25b7-%25d1%2580%25d1%2583%25d0%25b1%25d1%2580%25d0%25b8%25d0%25ba%25d0%25b8%2F
[Thu Apr 27 13:00:52.350875 2023] [php:warn] [pid 9624:tid 1824] [client ::1:55862] PHP Warning:  Undefined array key "username" in C:\\homework\\JS_Lessons\\wordpress-site\\xampp\\htdocs\\mywebsite\\wp-content\\plugins\\ocean-extra\\includes\\widgets\\twitter.php on line 73, referer: http://localhost/mywebsite/wp-admin/customize.php?url=http%3A%2F%2Flocalhost%2Fmywebsite%2Fcategory%2F%25d0%25b1%25d0%25b5%25d0%25b7-%25d1%2580%25d1%2583%25d0%25b1%25d1%2580%25d0%25b8%25d0%25ba%25d0%25b8%2F
[Thu Apr 27 13:00:54.942727 2023] [php:warn] [pid 9624:tid 1824] [client ::1:55868] PHP Warning:  Undefined array key "username" in C:\\homework\\JS_Lessons\\wordpress-site\\xampp\\htdocs\\mywebsite\\wp-content\\plugins\\ocean-extra\\includes\\widgets\\twitter.php on line 73, referer: http://localhost/mywebsite/wp-admin/customize.php?url=http%3A%2F%2Flocalhost%2Fmywebsite%2Fcategory%2F%25d0%25b1%25d0%25b5%25d0%25b7-%25d1%2580%25d1%2583%25d0%25b1%25d1%2580%25d0%25b8%25d0%25ba%25d0%25b8%2F
[Thu Apr 27 13:01:09.175181 2023] [php:warn] [pid 9624:tid 1824] [client ::1:55880] PHP Warning:  Undefined array key "username" in C:\\homework\\JS_Lessons\\wordpress-site\\xampp\\htdocs\\mywebsite\\wp-content\\plugins\\ocean-extra\\includes\\widgets\\twitter.php on line 73, referer: http://localhost/mywebsite/wp-admin/customize.php?url=http%3A%2F%2Flocalhost%2Fmywebsite%2Fcategory%2F%25d0%25b1%25d0%25b5%25d0%25b7-%25d1%2580%25d1%2583%25d0%25b1%25d1%2580%25d0%25b8%25d0%25ba%25d0%25b8%2F
[Thu Apr 27 13:01:27.515499 2023] [php:warn] [pid 9624:tid 1824] [client ::1:55886] PHP Warning:  Undefined array key "username" in C:\\homework\\JS_Lessons\\wordpress-site\\xampp\\htdocs\\mywebsite\\wp-content\\plugins\\ocean-extra\\includes\\widgets\\twitter.php on line 73, referer: http://localhost/mywebsite/wp-admin/customize.php?url=http%3A%2F%2Flocalhost%2Fmywebsite%2Fcategory%2F%25d0%25b1%25d0%25b5%25d0%25b7-%25d1%2580%25d1%2583%25d0%25b1%25d1%2580%25d0%25b8%25d0%25ba%25d0%25b8%2F
[Thu Apr 27 13:03:03.055531 2023] [php:warn] [pid 9624:tid 1824] [client ::1:55910] PHP Warning:  Undefined array key "username" in C:\\homework\\JS_Lessons\\wordpress-site\\xampp\\htdocs\\mywebsite\\wp-content\\plugins\\ocean-extra\\includes\\widgets\\twitter.php on line 73, referer: http://localhost/mywebsite/wp-admin/customize.php?url=http%3A%2F%2Flocalhost%2Fmywebsite%2Fcategory%2F%25d0%25b1%25d0%25b5%25d0%25b7-%25d1%2580%25d1%2583%25d0%25b1%25d1%2580%25d0%25b8%25d0%25ba%25d0%25b8%2F
[Sat Apr 29 08:04:25.112285 2023] [ssl:warn] [pid 18340:tid 428] AH01909: www.example.com:443:0 server certificate does NOT include an ID which matches the server name
[Sat Apr 29 08:04:25.237174 2023] [core:warn] [pid 18340:tid 428] AH00098: pid file C:/homework/JS_Lessons/wordpress-site/xampp/apache/logs/httpd.pid overwritten -- Unclean shutdown of previous Apache run?
[Sat Apr 29 08:04:25.249175 2023] [ssl:warn] [pid 18340:tid 428] AH01909: www.example.com:443:0 server certificate does NOT include an ID which matches the server name
[Sat Apr 29 08:04:25.624161 2023] [mpm_winnt:notice] [pid 18340:tid 428] AH00455: Apache/2.4.56 (Win64) OpenSSL/1.1.1t PHP/8.2.4 configured -- resuming normal operations
[Sat Apr 29 08:04:25.624161 2023] [mpm_winnt:notice] [pid 18340:tid 428] AH00456: Apache Lounge VS16 Server built: Mar  7 2023 13:21:03
[Sat Apr 29 08:04:25.624161 2023] [core:notice] [pid 18340:tid 428] AH00094: Command line: 'c:\\homework\\js_lessons\\wordpress-site\\xampp\\apache\\bin\\httpd.exe -d C:/homework/JS_Lessons/wordpress-site/xampp/apache'
[Sat Apr 29 08:04:25.961264 2023] [mpm_winnt:notice] [pid 18340:tid 428] AH00418: Parent: Created child process 39008
[Sat Apr 29 08:04:26.772059 2023] [ssl:warn] [pid 39008:tid 408] AH01909: www.example.com:443:0 server certificate does NOT include an ID which matches the server name
[Sat Apr 29 08:04:26.825062 2023] [ssl:warn] [pid 39008:tid 408] AH01909: www.example.com:443:0 server certificate does NOT include an ID which matches the server name
[Sat Apr 29 08:04:26.889188 2023] [mpm_winnt:notice] [pid 39008:tid 408] AH00354: Child: Starting 150 worker threads.
[Sat Apr 29 08:05:20.159908 2023] [php:warn] [pid 39008:tid 1856] [client ::1:58995] PHP Warning:  Undefined array key "username" in C:\\homework\\JS_Lessons\\wordpress-site\\xampp\\htdocs\\mywebsite\\wp-content\\plugins\\ocean-extra\\includes\\widgets\\twitter.php on line 73
[Sat Apr 29 08:05:23.410378 2023] [php:warn] [pid 39008:tid 1792] [client 127.0.0.1:59020] PHP Warning:  Undefined array key "username" in C:\\homework\\JS_Lessons\\wordpress-site\\xampp\\htdocs\\mywebsite\\wp-content\\plugins\\ocean-extra\\includes\\widgets\\twitter.php on line 73
[Sat Apr 29 08:05:58.000273 2023] [php:warn] [pid 39008:tid 1840] [client ::1:59097] PHP Warning:  Undefined array key "username" in C:\\homework\\JS_Lessons\\wordpress-site\\xampp\\htdocs\\mywebsite\\wp-content\\plugins\\ocean-extra\\includes\\widgets\\twitter.php on line 73
[Sat Apr 29 08:06:11.168267 2023] [php:warn] [pid 39008:tid 1840] [client ::1:59116] PHP Warning:  Undefined array key "username" in C:\\homework\\JS_Lessons\\wordpress-site\\xampp\\htdocs\\mywebsite\\wp-content\\plugins\\ocean-extra\\includes\\widgets\\twitter.php on line 73, referer: http://localhost/mywebsite/
[Sat Apr 29 08:09:50.411611 2023] [php:warn] [pid 39008:tid 1848] [client ::1:59270] PHP Warning:  Undefined array key "username" in C:\\homework\\JS_Lessons\\wordpress-site\\xampp\\htdocs\\mywebsite\\wp-content\\plugins\\ocean-extra\\includes\\widgets\\twitter.php on line 73, referer: http://localhost/mywebsite/wp-admin/customize.php?return=%2Fmywebsite%2Fwp-admin%2Ftheme-editor.php&autofocus%5Bcontrol%5D=header_image
[Sat Apr 29 08:11:11.103965 2023] [php:warn] [pid 39008:tid 1824] [client ::1:59340] PHP Warning:  Undefined array key "username" in C:\\homework\\JS_Lessons\\wordpress-site\\xampp\\htdocs\\mywebsite\\wp-content\\plugins\\ocean-extra\\includes\\widgets\\twitter.php on line 73, referer: http://localhost/mywebsite/wp-admin/customize.php?return=%2Fmywebsite%2Fwp-admin%2Ftheme-editor.php&autofocus%5Bcontrol%5D=header_image
[Sat Apr 29 08:11:47.833073 2023] [php:warn] [pid 39008:tid 1840] [client ::1:59363] PHP Warning:  Undefined array key "username" in C:\\homework\\JS_Lessons\\wordpress-site\\xampp\\htdocs\\mywebsite\\wp-content\\plugins\\ocean-extra\\includes\\widgets\\twitter.php on line 73, referer: http://localhost/mywebsite/wp-admin/customize.php?return=%2Fmywebsite%2Fwp-admin%2Ftheme-editor.php
[Sat Apr 29 08:15:20.173794 2023] [php:warn] [pid 39008:tid 1824] [client ::1:59446] PHP Warning:  Undefined array key "username" in C:\\homework\\JS_Lessons\\wordpress-site\\xampp\\htdocs\\mywebsite\\wp-content\\plugins\\ocean-extra\\includes\\widgets\\twitter.php on line 73, referer: http://localhost/mywebsite/category/%d0%b1%d0%b5%d0%b7-%d1%80%d1%83%d0%b1%d1%80%d0%b8%d0%ba%d0%b8/
[Sat Apr 29 09:05:21.018595 2023] [php:warn] [pid 39008:tid 1856] [client ::1:59800] PHP Warning:  Undefined array key "username" in C:\\homework\\JS_Lessons\\wordpress-site\\xampp\\htdocs\\mywebsite\\wp-content\\plugins\\ocean-extra\\includes\\widgets\\twitter.php on line 73, referer: http://localhost/mywebsite/category/%d0%b1%d0%b5%d0%b7-%d1%80%d1%83%d0%b1%d1%80%d0%b8%d0%ba%d0%b8/
[Sat Apr 29 09:05:42.206654 2023] [php:warn] [pid 39008:tid 1808] [client ::1:59818] PHP Warning:  Undefined array key "username" in C:\\homework\\JS_Lessons\\wordpress-site\\xampp\\htdocs\\mywebsite\\wp-content\\plugins\\ocean-extra\\includes\\widgets\\twitter.php on line 73, referer: http://localhost/mywebsite/wp-admin/edit.php?post_type=page
[Sat Apr 29 09:22:20.588840 2023] [php:warn] [pid 39008:tid 1840] [client ::1:60216] PHP Warning:  Undefined array key "username" in C:\\homework\\JS_Lessons\\wordpress-site\\xampp\\htdocs\\mywebsite\\wp-content\\plugins\\ocean-extra\\includes\\widgets\\twitter.php on line 73, referer: http://localhost/mywebsite/category/%d0%b1%d0%b5%d0%b7-%d1%80%d1%83%d0%b1%d1%80%d0%b8%d0%ba%d0%b8/
[Sat Apr 29 09:27:32.236292 2023] [php:warn] [pid 39008:tid 1792] [client ::1:60318] PHP Warning:  Undefined array key "username" in C:\\homework\\JS_Lessons\\wordpress-site\\xampp\\htdocs\\mywebsite\\wp-content\\plugins\\ocean-extra\\includes\\widgets\\twitter.php on line 73, referer: http://localhost/mywebsite/wp-admin/post.php?post=11&action=edit
[Sat Apr 29 09:27:37.453842 2023] [php:warn] [pid 39008:tid 1824] [client ::1:60324] PHP Warning:  Undefined array key "username" in C:\\homework\\JS_Lessons\\wordpress-site\\xampp\\htdocs\\mywebsite\\wp-content\\plugins\\ocean-extra\\includes\\widgets\\twitter.php on line 73, referer: http://localhost/mywebsite/category/%d0%b1%d0%b5%d0%b7-%d1%80%d1%83%d0%b1%d1%80%d0%b8%d0%ba%d0%b8/
[Sat Apr 29 09:27:40.586158 2023] [php:warn] [pid 39008:tid 1824] [client ::1:60324] PHP Warning:  Undefined array key "username" in C:\\homework\\JS_Lessons\\wordpress-site\\xampp\\htdocs\\mywebsite\\wp-content\\plugins\\ocean-extra\\includes\\widgets\\twitter.php on line 73, referer: http://localhost/mywebsite/category/%d0%b1%d0%b5%d0%b7-%d1%80%d1%83%d0%b1%d1%80%d0%b8%d0%ba%d0%b8/
[Sat Apr 29 09:28:30.723899 2023] [php:warn] [pid 39008:tid 1856] [client ::1:60357] PHP Warning:  Undefined array key "username" in C:\\homework\\JS_Lessons\\wordpress-site\\xampp\\htdocs\\mywebsite\\wp-content\\plugins\\ocean-extra\\includes\\widgets\\twitter.php on line 73, referer: http://localhost/mywebsite/wp-admin/post.php?post=11&action=edit
[Sat Apr 29 09:28:35.869654 2023] [php:warn] [pid 39008:tid 1856] [client ::1:60363] PHP Warning:  Undefined array key "username" in C:\\homework\\JS_Lessons\\wordpress-site\\xampp\\htdocs\\mywebsite\\wp-content\\plugins\\ocean-extra\\includes\\widgets\\twitter.php on line 73, referer: http://localhost/mywebsite/category/%d0%b1%d0%b5%d0%b7-%d1%80%d1%83%d0%b1%d1%80%d0%b8%d0%ba%d0%b8/
[Sat Apr 29 09:30:51.627281 2023] [php:warn] [pid 39008:tid 1792] [client ::1:60398] PHP Warning:  Undefined array key "username" in C:\\homework\\JS_Lessons\\wordpress-site\\xampp\\htdocs\\mywebsite\\wp-content\\plugins\\ocean-extra\\includes\\widgets\\twitter.php on line 73, referer: http://localhost/mywebsite/wp-admin/edit.php?post_type=page
[Sat Apr 29 09:40:35.519299 2023] [php:warn] [pid 39008:tid 1808] [client ::1:60728] PHP Warning:  Undefined array key "username" in C:\\homework\\JS_Lessons\\wordpress-site\\xampp\\htdocs\\mywebsite\\wp-content\\plugins\\ocean-extra\\includes\\widgets\\twitter.php on line 73, referer: http://localhost/mywebsite/wp-admin/edit.php?post_type=page
[Sat Apr 29 09:41:13.834568 2023] [php:warn] [pid 39008:tid 1856] [client ::1:60759] PHP Warning:  Undefined array key "username" in C:\\homework\\JS_Lessons\\wordpress-site\\xampp\\htdocs\\mywebsite\\wp-content\\plugins\\ocean-extra\\includes\\widgets\\twitter.php on line 73, referer: http://localhost/mywebsite/wp-admin/post.php?post=11&action=elementor
[Sat Apr 29 09:48:16.236367 2023] [php:warn] [pid 39008:tid 1848] [client ::1:61405] PHP Warning:  Undefined array key "username" in C:\\homework\\JS_Lessons\\wordpress-site\\xampp\\htdocs\\mywebsite\\wp-content\\plugins\\ocean-extra\\includes\\widgets\\twitter.php on line 73, referer: http://localhost/mywebsite/category/%d0%b1%d0%b5%d0%b7-%d1%80%d1%83%d0%b1%d1%80%d0%b8%d0%ba%d0%b8/
[Sat Apr 29 09:58:57.306640 2023] [php:warn] [pid 39008:tid 1808] [client ::1:61788] PHP Warning:  Undefined array key "username" in C:\\homework\\JS_Lessons\\wordpress-site\\xampp\\htdocs\\mywebsite\\wp-content\\plugins\\ocean-extra\\includes\\widgets\\twitter.php on line 73, referer: http://localhost/mywebsite/?s=lorem
[Sat Apr 29 10:00:26.968167 2023] [php:warn] [pid 39008:tid 1808] [client 127.0.0.1:61808] PHP Warning:  Undefined array key "username" in C:\\homework\\JS_Lessons\\wordpress-site\\xampp\\htdocs\\mywebsite\\wp-content\\plugins\\ocean-extra\\includes\\widgets\\twitter.php on line 73
[Sat Apr 29 10:32:59.940499 2023] [php:warn] [pid 39008:tid 1848] [client ::1:63336] PHP Warning:  Undefined array key "username" in C:\\homework\\JS_Lessons\\wordpress-site\\xampp\\htdocs\\mywebsite\\wp-content\\plugins\\ocean-extra\\includes\\widgets\\twitter.php on line 73, referer: http://localhost/mywebsite/wp-admin/post.php?post=11&action=elementor
[Sat Apr 29 10:40:35.431085 2023] [php:notice] [pid 39008:tid 1848] [client 127.0.0.1:63850] \xd0\x9e\xd1\x88\xd0\xb8\xd0\xb1\xd0\xba\xd0\xb0 \xd0\xbf\xd0\xb5\xd1\x80\xd0\xb5\xd0\xbf\xd0\xbb\xd0\xb0\xd0\xbd\xd0\xb8\xd1\x80\xd0\xbe\xd0\xb2\xd0\xba\xd0\xb8 \xd1\x81\xd0\xbe\xd0\xb1\xd1\x8b\xd1\x82\xd0\xb8\xd1\x8f Cron \xd0\xb4\xd0\xbb\xd1\x8f \xd1\x85\xd1\x83\xd0\xba\xd0\xb0 action_scheduler_run_queue, \xd0\xba\xd0\xbe\xd0\xb4 \xd0\xbe\xd1\x88\xd0\xb8\xd0\xb1\xd0\xba\xd0\xb8: invalid_schedule, \xd1\x81\xd0\xbe\xd0\xbe\xd0\xb1\xd1\x89\xd0\xb5\xd0\xbd\xd0\xb8\xd0\xb5 \xd0\xbe\xd0\xb1 \xd0\xbe\xd1\x88\xd0\xb8\xd0\xb1\xd0\xba\xd0\xb5: \xd0\x9f\xd0\xbb\xd0\xb0\xd0\xbd\xd0\xb8\xd1\x80\xd0\xbe\xd0\xb2\xd1\x89\xd0\xb8\xd0\xba \xd1\x81\xd0\xbe\xd0\xb1\xd1\x8b\xd1\x82\xd0\xb8\xd0\xb9 \xd0\xbd\xd0\xb5 \xd1\x81\xd1\x83\xd1\x89\xd0\xb5\xd1\x81\xd1\x82\xd0\xb2\xd1\x83\xd0\xb5\xd1\x82., \xd0\xb4\xd0\xb0\xd0\xbd\xd0\xbd\xd1\x8b\xd0\xb5: {"schedule":"every_minute","args":["WP Cron"],"interval":60}
[Sat Apr 29 10:42:10.576628 2023] [php:warn] [pid 39008:tid 1848] [client ::1:63937] PHP Warning:  Undefined array key "tab" in C:\\homework\\JS_Lessons\\wordpress-site\\xampp\\htdocs\\mywebsite\\wp-content\\plugins\\royal-elementor-addons\\admin\\theme-builder.php on line 33, referer: http://localhost/mywebsite/wp-admin/admin.php?page=wpr-templates-kit
[Sat Apr 29 10:42:10.577628 2023] [php:warn] [pid 39008:tid 1848] [client ::1:63937] PHP Warning:  Undefined array key "tab" in C:\\homework\\JS_Lessons\\wordpress-site\\xampp\\htdocs\\mywebsite\\wp-content\\plugins\\royal-elementor-addons\\admin\\theme-builder.php on line 33, referer: http://localhost/mywebsite/wp-admin/admin.php?page=wpr-templates-kit
[Sat Apr 29 10:46:09.727873 2023] [php:warn] [pid 39008:tid 1792] [client ::1:64239] PHP Warning:  Attempt to read property "title" on null in C:\\homework\\JS_Lessons\\wordpress-site\\xampp\\htdocs\\mywebsite\\wp-includes\\class-wp-customize-widgets.php on line 905, referer: http://localhost/mywebsite/
[Sat Apr 29 10:48:49.602198 2023] [php:warn] [pid 39008:tid 1792] [client ::1:64414] PHP Warning:  Undefined array key "data" in C:\\homework\\JS_Lessons\\wordpress-site\\xampp\\htdocs\\mywebsite\\wp-content\\plugins\\elementor\\core\\common\\modules\\ajax\\module.php on line 175, referer: http://localhost/mywebsite/wp-admin/post.php?post=11&action=elementor
[Sat Apr 29 11:40:04.790270 2023] [php:warn] [pid 39008:tid 1800] [client ::1:49923] PHP Warning:  Undefined array key "tab" in C:\\homework\\JS_Lessons\\wordpress-site\\xampp\\htdocs\\mywebsite\\wp-content\\plugins\\royal-elementor-addons\\admin\\theme-builder.php on line 33, referer: http://localhost/mywebsite/wp-admin/plugins.php
[Sat Apr 29 11:40:04.792267 2023] [php:warn] [pid 39008:tid 1800] [client ::1:49923] PHP Warning:  Undefined array key "tab" in C:\\homework\\JS_Lessons\\wordpress-site\\xampp\\htdocs\\mywebsite\\wp-content\\plugins\\royal-elementor-addons\\admin\\theme-builder.php on line 33, referer: http://localhost/mywebsite/wp-admin/plugins.php
[Sat Apr 29 11:41:12.908113 2023] [php:warn] [pid 39008:tid 1800] [client ::1:50005] PHP Warning:  Undefined array key "nonce" in C:\\homework\\JS_Lessons\\wordpress-site\\xampp\\htdocs\\mywebsite\\wp-content\\plugins\\royal-elementor-addons\\admin\\includes\\wpr-templates-actions.php on line 195, referer: http://localhost/mywebsite/wp-admin/admin.php?page=wpr-theme-builder&tab=wpr_tab_my_templates
[Sat Apr 29 11:41:12.909113 2023] [php:warn] [pid 39008:tid 1824] [client ::1:50006] PHP Warning:  Undefined array key "nonce" in C:\\homework\\JS_Lessons\\wordpress-site\\xampp\\htdocs\\mywebsite\\wp-content\\plugins\\royal-elementor-addons\\admin\\includes\\wpr-templates-actions.php on line 195, referer: http://localhost/mywebsite/wp-admin/admin.php?page=wpr-theme-builder&tab=wpr_tab_my_templates
[Sat Apr 29 11:41:16.102780 2023] [php:warn] [pid 39008:tid 1824] [client ::1:50006] PHP Warning:  Undefined array key "nonce" in C:\\homework\\JS_Lessons\\wordpress-site\\xampp\\htdocs\\mywebsite\\wp-content\\plugins\\royal-elementor-addons\\admin\\includes\\wpr-templates-actions.php on line 195, referer: http://localhost/mywebsite/wp-admin/admin.php?page=wpr-theme-builder&tab=wpr_tab_my_templates
[Sat Apr 29 11:41:16.111782 2023] [php:warn] [pid 39008:tid 1800] [client ::1:50005] PHP Warning:  Undefined array key "nonce" in C:\\homework\\JS_Lessons\\wordpress-site\\xampp\\htdocs\\mywebsite\\wp-content\\plugins\\royal-elementor-addons\\admin\\includes\\wpr-templates-actions.php on line 195, referer: http://localhost/mywebsite/wp-admin/admin.php?page=wpr-theme-builder&tab=wpr_tab_my_templates
[Sat Apr 29 11:43:02.878443 2023] [php:warn] [pid 39008:tid 1792] [client ::1:50133] PHP Warning:  Attempt to read property "title" on null in C:\\homework\\JS_Lessons\\wordpress-site\\xampp\\htdocs\\mywebsite\\wp-includes\\class-wp-customize-widgets.php on line 905, referer: http://localhost/mywebsite/
[Sat Apr 29 11:45:42.791459 2023] [php:warn] [pid 39008:tid 1792] [client ::1:50325] PHP Warning:  Attempt to read property "title" on null in C:\\homework\\JS_Lessons\\wordpress-site\\xampp\\htdocs\\mywebsite\\wp-includes\\class-wp-customize-widgets.php on line 905, referer: http://localhost/mywebsite/
[Sat Apr 29 11:47:27.717108 2023] [php:warn] [pid 39008:tid 1848] [client ::1:50437] PHP Warning:  Attempt to read property "title" on null in C:\\homework\\JS_Lessons\\wordpress-site\\xampp\\htdocs\\mywebsite\\wp-includes\\class-wp-customize-widgets.php on line 905, referer: http://localhost/mywebsite/%d0%b3%d0%bb%d0%b0%d0%b2%d0%bd%d0%b0%d1%8f-2/
[Sat Apr 29 11:48:10.018393 2023] [php:warn] [pid 39008:tid 1808] [client ::1:50481] PHP Warning:  Attempt to read property "title" on null in C:\\homework\\JS_Lessons\\wordpress-site\\xampp\\htdocs\\mywebsite\\wp-includes\\class-wp-customize-widgets.php on line 905, referer: http://localhost/mywebsite/wp-admin/theme-install.php?browse=popular
